<?xml version="1.0" encoding="UTF-8"?>
<testsuite xmlns:xsi="http://www.w3.org/2001/XMLSchema-instance" xsi:noNamespaceSchemaLocation="https://maven.apache.org/surefire/maven-surefire-plugin/xsd/surefire-test-report.xsd" name="runner.RunnerTest" time="472.536" tests="0" errors="0" skipped="0" failures="0">
  <properties>
    <property name="sun.desktop" value="windows"/>
    <property name="awt.toolkit" value="sun.awt.windows.WToolkit"/>
    <property name="java.specification.version" value="10"/>
    <property name="file.encoding.pkg" value="sun.io"/>
    <property name="sun.cpu.isalist" value="amd64"/>
    <property name="sun.jnu.encoding" value="Cp1252"/>
    <property name="java.class.path" value="E:\LMP2\target\test-classes;E:\LMP2\target\classes;C:\Users\sandeep\.m2\repository\org\seleniumhq\selenium\selenium-java\3.11.0\selenium-java-3.11.0.jar;C:\Users\sandeep\.m2\repository\org\seleniumhq\selenium\selenium-api\3.11.0\selenium-api-3.11.0.jar;C:\Users\sandeep\.m2\repository\org\seleniumhq\selenium\selenium-chrome-driver\3.11.0\selenium-chrome-driver-3.11.0.jar;C:\Users\sandeep\.m2\repository\org\seleniumhq\selenium\selenium-edge-driver\3.11.0\selenium-edge-driver-3.11.0.jar;C:\Users\sandeep\.m2\repository\org\seleniumhq\selenium\selenium-firefox-driver\3.11.0\selenium-firefox-driver-3.11.0.jar;C:\Users\sandeep\.m2\repository\org\seleniumhq\selenium\selenium-ie-driver\3.11.0\selenium-ie-driver-3.11.0.jar;C:\Users\sandeep\.m2\repository\org\seleniumhq\selenium\selenium-opera-driver\3.11.0\selenium-opera-driver-3.11.0.jar;C:\Users\sandeep\.m2\repository\org\seleniumhq\selenium\selenium-remote-driver\3.11.0\selenium-remote-driver-3.11.0.jar;C:\Users\sandeep\.m2\repository\org\seleniumhq\selenium\selenium-safari-driver\3.11.0\selenium-safari-driver-3.11.0.jar;C:\Users\sandeep\.m2\repository\org\seleniumhq\selenium\selenium-support\3.11.0\selenium-support-3.11.0.jar;C:\Users\sandeep\.m2\repository\net\bytebuddy\byte-buddy\1.7.9\byte-buddy-1.7.9.jar;C:\Users\sandeep\.m2\repository\org\apache\commons\commons-exec\1.3\commons-exec-1.3.jar;C:\Users\sandeep\.m2\repository\commons-codec\commons-codec\1.10\commons-codec-1.10.jar;C:\Users\sandeep\.m2\repository\commons-logging\commons-logging\1.2\commons-logging-1.2.jar;C:\Users\sandeep\.m2\repository\com\google\code\gson\gson\2.8.2\gson-2.8.2.jar;C:\Users\sandeep\.m2\repository\org\apache\httpcomponents\httpclient\4.5.3\httpclient-4.5.3.jar;C:\Users\sandeep\.m2\repository\org\apache\httpcomponents\httpcore\4.4.6\httpcore-4.4.6.jar;C:\Users\sandeep\.m2\repository\com\squareup\okhttp3\okhttp\3.9.1\okhttp-3.9.1.jar;C:\Users\sandeep\.m2\repository\com\squareup\okio\okio\1.13.0\okio-1.13.0.jar;C:\Users\sandeep\.m2\repository\info\cukes\cucumber-jvm-deps\1.0.5\cucumber-jvm-deps-1.0.5.jar;C:\Users\sandeep\.m2\repository\net\masterthought\cucumber-reporting\4.6.0\cucumber-reporting-4.6.0.jar;C:\Users\sandeep\.m2\repository\com\fasterxml\jackson\core\jackson-databind\2.9.8\jackson-databind-2.9.8.jar;C:\Users\sandeep\.m2\repository\com\fasterxml\jackson\core\jackson-annotations\2.9.0\jackson-annotations-2.9.0.jar;C:\Users\sandeep\.m2\repository\com\fasterxml\jackson\core\jackson-core\2.9.8\jackson-core-2.9.8.jar;C:\Users\sandeep\.m2\repository\org\apache\velocity\velocity\1.7\velocity-1.7.jar;C:\Users\sandeep\.m2\repository\commons-collections\commons-collections\3.2.1\commons-collections-3.2.1.jar;C:\Users\sandeep\.m2\repository\commons-lang\commons-lang\2.4\commons-lang-2.4.jar;C:\Users\sandeep\.m2\repository\velocity-tools\velocity-tools\1.4\velocity-tools-1.4.jar;C:\Users\sandeep\.m2\repository\joda-time\joda-time\2.10.1\joda-time-2.10.1.jar;C:\Users\sandeep\.m2\repository\org\apache\commons\commons-lang3\3.8.1\commons-lang3-3.8.1.jar;C:\Users\sandeep\.m2\repository\commons-io\commons-io\2.6\commons-io-2.6.jar;C:\Users\sandeep\.m2\repository\org\codehaus\plexus\plexus-utils\3.1.1\plexus-utils-3.1.1.jar;C:\Users\sandeep\.m2\repository\org\jsoup\jsoup\1.11.3\jsoup-1.11.3.jar;C:\Users\sandeep\.m2\repository\com\googlecode\owasp-java-html-sanitizer\owasp-java-html-sanitizer\20190325.1\owasp-java-html-sanitizer-20190325.1.jar;C:\Users\sandeep\.m2\repository\commons-configuration\commons-configuration\1.10\commons-configuration-1.10.jar;C:\Users\sandeep\.m2\repository\com\aventstack\extentreports\4.0.9\extentreports-4.0.9.jar;C:\Users\sandeep\.m2\repository\org\mongodb\mongodb-driver\3.3.0\mongodb-driver-3.3.0.jar;C:\Users\sandeep\.m2\repository\org\mongodb\mongodb-driver-core\3.3.0\mongodb-driver-core-3.3.0.jar;C:\Users\sandeep\.m2\repository\org\mongodb\bson\3.3.0\bson-3.3.0.jar;C:\Users\sandeep\.m2\repository\org\apache\httpcomponents\httpmime\4.5.2\httpmime-4.5.2.jar;C:\Users\sandeep\.m2\repository\org\freemarker\freemarker\2.3.23\freemarker-2.3.23.jar;C:\Users\sandeep\.m2\repository\com\vimalselvam\cucumber-extentsreport\3.1.1\cucumber-extentsreport-3.1.1.jar;C:\Users\sandeep\.m2\repository\info\cukes\gherkin\2.12.2\gherkin-2.12.2.jar;C:\Users\sandeep\.m2\repository\commons-net\commons-net\3.0.1\commons-net-3.0.1.jar;C:\Users\sandeep\.m2\repository\org\mockito\mockito-all\1.10.19\mockito-all-1.10.19.jar;C:\Users\sandeep\.m2\repository\com\google\guava\guava\27.0.1-jre\guava-27.0.1-jre.jar;C:\Users\sandeep\.m2\repository\com\google\guava\failureaccess\1.0.1\failureaccess-1.0.1.jar;C:\Users\sandeep\.m2\repository\com\google\guava\listenablefuture\9999.0-empty-to-avoid-conflict-with-guava\listenablefuture-9999.0-empty-to-avoid-conflict-with-guava.jar;C:\Users\sandeep\.m2\repository\com\google\code\findbugs\jsr305\3.0.2\jsr305-3.0.2.jar;C:\Users\sandeep\.m2\repository\org\checkerframework\checker-qual\2.5.2\checker-qual-2.5.2.jar;C:\Users\sandeep\.m2\repository\com\google\errorprone\error_prone_annotations\2.2.0\error_prone_annotations-2.2.0.jar;C:\Users\sandeep\.m2\repository\com\google\j2objc\j2objc-annotations\1.1\j2objc-annotations-1.1.jar;C:\Users\sandeep\.m2\repository\org\codehaus\mojo\animal-sniffer-annotations\1.17\animal-sniffer-annotations-1.17.jar;C:\Users\sandeep\.m2\repository\info\cukes\cucumber-picocontainer\1.2.4\cucumber-picocontainer-1.2.4.jar;C:\Users\sandeep\.m2\repository\org\picocontainer\picocontainer\2.15\picocontainer-2.15.jar;C:\Users\sandeep\.m2\repository\com\google\api-client\google-api-client\1.22.0\google-api-client-1.22.0.jar;C:\Users\sandeep\.m2\repository\com\google\oauth-client\google-oauth-client\1.22.0\google-oauth-client-1.22.0.jar;C:\Users\sandeep\.m2\repository\com\google\http-client\google-http-client\1.22.0\google-http-client-1.22.0.jar;C:\Users\sandeep\.m2\repository\com\google\http-client\google-http-client-jackson2\1.22.0\google-http-client-jackson2-1.22.0.jar;C:\Users\sandeep\.m2\repository\com\google\guava\guava-jdk5\17.0\guava-jdk5-17.0.jar;C:\Users\sandeep\.m2\repository\org\apache\poi\poi\3.17\poi-3.17.jar;C:\Users\sandeep\.m2\repository\org\apache\commons\commons-collections4\4.1\commons-collections4-4.1.jar;C:\Users\sandeep\.m2\repository\org\apache\poi\poi-ooxml\3.17\poi-ooxml-3.17.jar;C:\Users\sandeep\.m2\repository\org\apache\poi\poi-ooxml-schemas\3.17\poi-ooxml-schemas-3.17.jar;C:\Users\sandeep\.m2\repository\com\github\virtuald\curvesapi\1.04\curvesapi-1.04.jar;C:\Users\sandeep\.m2\repository\org\apache\xmlbeans\xmlbeans\2.6.0\xmlbeans-2.6.0.jar;C:\Users\sandeep\.m2\repository\stax\stax-api\1.0.1\stax-api-1.0.1.jar;C:\Users\sandeep\.m2\repository\org\apache\poi\poi-scratchpad\3.17\poi-scratchpad-3.17.jar;C:\Users\sandeep\.m2\repository\log4j\log4j\1.2.17\log4j-1.2.17.jar;C:\Users\sandeep\.m2\repository\info\cukes\cucumber-core\1.2.5\cucumber-core-1.2.5.jar;C:\Users\sandeep\.m2\repository\info\cukes\cucumber-html\0.2.3\cucumber-html-0.2.3.jar;C:\Users\sandeep\.m2\repository\info\cukes\cucumber-java\1.2.5\cucumber-java-1.2.5.jar;C:\Users\sandeep\.m2\repository\org\testng\testng\6.14.3\testng-6.14.3.jar;C:\Users\sandeep\.m2\repository\com\beust\jcommander\1.72\jcommander-1.72.jar;C:\Users\sandeep\.m2\repository\org\apache-extras\beanshell\bsh\2.0b6\bsh-2.0b6.jar;C:\Users\sandeep\.m2\repository\info\cukes\cucumber-junit\1.2.5\cucumber-junit-1.2.5.jar;C:\Users\sandeep\.m2\repository\junit\junit\4.12\junit-4.12.jar;C:\Users\sandeep\.m2\repository\org\hamcrest\hamcrest-core\1.3\hamcrest-core-1.3.jar;"/>
    <property name="java.vm.vendor" value="&quot;Oracle Corporation&quot;"/>
    <property name="sun.arch.data.model" value="64"/>
    <property name="user.variant" value=""/>
    <property name="java.vendor.url" value="http://java.oracle.com/"/>
    <property name="user.timezone" value="Asia/Calcutta"/>
    <property name="java.vm.specification.version" value="10"/>
    <property name="os.name" value="Windows 10"/>
    <property name="sun.java.launcher" value="SUN_STANDARD"/>
    <property name="user.country" value="US"/>
    <property name="sun.boot.library.path" value="C:\Program Files\Java\jdk-10.0.2\bin"/>
    <property name="sun.java.command" value="C:\Users\sandeep\AppData\Local\Temp\surefire12618457080830306160\surefirebooter16439922935189666090.jar C:\Users\sandeep\AppData\Local\Temp\surefire12618457080830306160 2019-12-11T17-07-46_227-jvmRun1 surefire479711824674000875tmp surefire_016714700309107265219tmp"/>
    <property name="jdk.debug" value="release"/>
    <property name="surefire.test.class.path" value="E:\LMP2\target\test-classes;E:\LMP2\target\classes;C:\Users\sandeep\.m2\repository\org\seleniumhq\selenium\selenium-java\3.11.0\selenium-java-3.11.0.jar;C:\Users\sandeep\.m2\repository\org\seleniumhq\selenium\selenium-api\3.11.0\selenium-api-3.11.0.jar;C:\Users\sandeep\.m2\repository\org\seleniumhq\selenium\selenium-chrome-driver\3.11.0\selenium-chrome-driver-3.11.0.jar;C:\Users\sandeep\.m2\repository\org\seleniumhq\selenium\selenium-edge-driver\3.11.0\selenium-edge-driver-3.11.0.jar;C:\Users\sandeep\.m2\repository\org\seleniumhq\selenium\selenium-firefox-driver\3.11.0\selenium-firefox-driver-3.11.0.jar;C:\Users\sandeep\.m2\repository\org\seleniumhq\selenium\selenium-ie-driver\3.11.0\selenium-ie-driver-3.11.0.jar;C:\Users\sandeep\.m2\repository\org\seleniumhq\selenium\selenium-opera-driver\3.11.0\selenium-opera-driver-3.11.0.jar;C:\Users\sandeep\.m2\repository\org\seleniumhq\selenium\selenium-remote-driver\3.11.0\selenium-remote-driver-3.11.0.jar;C:\Users\sandeep\.m2\repository\org\seleniumhq\selenium\selenium-safari-driver\3.11.0\selenium-safari-driver-3.11.0.jar;C:\Users\sandeep\.m2\repository\org\seleniumhq\selenium\selenium-support\3.11.0\selenium-support-3.11.0.jar;C:\Users\sandeep\.m2\repository\net\bytebuddy\byte-buddy\1.7.9\byte-buddy-1.7.9.jar;C:\Users\sandeep\.m2\repository\org\apache\commons\commons-exec\1.3\commons-exec-1.3.jar;C:\Users\sandeep\.m2\repository\commons-codec\commons-codec\1.10\commons-codec-1.10.jar;C:\Users\sandeep\.m2\repository\commons-logging\commons-logging\1.2\commons-logging-1.2.jar;C:\Users\sandeep\.m2\repository\com\google\code\gson\gson\2.8.2\gson-2.8.2.jar;C:\Users\sandeep\.m2\repository\org\apache\httpcomponents\httpclient\4.5.3\httpclient-4.5.3.jar;C:\Users\sandeep\.m2\repository\org\apache\httpcomponents\httpcore\4.4.6\httpcore-4.4.6.jar;C:\Users\sandeep\.m2\repository\com\squareup\okhttp3\okhttp\3.9.1\okhttp-3.9.1.jar;C:\Users\sandeep\.m2\repository\com\squareup\okio\okio\1.13.0\okio-1.13.0.jar;C:\Users\sandeep\.m2\repository\info\cukes\cucumber-jvm-deps\1.0.5\cucumber-jvm-deps-1.0.5.jar;C:\Users\sandeep\.m2\repository\net\masterthought\cucumber-reporting\4.6.0\cucumber-reporting-4.6.0.jar;C:\Users\sandeep\.m2\repository\com\fasterxml\jackson\core\jackson-databind\2.9.8\jackson-databind-2.9.8.jar;C:\Users\sandeep\.m2\repository\com\fasterxml\jackson\core\jackson-annotations\2.9.0\jackson-annotations-2.9.0.jar;C:\Users\sandeep\.m2\repository\com\fasterxml\jackson\core\jackson-core\2.9.8\jackson-core-2.9.8.jar;C:\Users\sandeep\.m2\repository\org\apache\velocity\velocity\1.7\velocity-1.7.jar;C:\Users\sandeep\.m2\repository\commons-collections\commons-collections\3.2.1\commons-collections-3.2.1.jar;C:\Users\sandeep\.m2\repository\commons-lang\commons-lang\2.4\commons-lang-2.4.jar;C:\Users\sandeep\.m2\repository\velocity-tools\velocity-tools\1.4\velocity-tools-1.4.jar;C:\Users\sandeep\.m2\repository\joda-time\joda-time\2.10.1\joda-time-2.10.1.jar;C:\Users\sandeep\.m2\repository\org\apache\commons\commons-lang3\3.8.1\commons-lang3-3.8.1.jar;C:\Users\sandeep\.m2\repository\commons-io\commons-io\2.6\commons-io-2.6.jar;C:\Users\sandeep\.m2\repository\org\codehaus\plexus\plexus-utils\3.1.1\plexus-utils-3.1.1.jar;C:\Users\sandeep\.m2\repository\org\jsoup\jsoup\1.11.3\jsoup-1.11.3.jar;C:\Users\sandeep\.m2\repository\com\googlecode\owasp-java-html-sanitizer\owasp-java-html-sanitizer\20190325.1\owasp-java-html-sanitizer-20190325.1.jar;C:\Users\sandeep\.m2\repository\commons-configuration\commons-configuration\1.10\commons-configuration-1.10.jar;C:\Users\sandeep\.m2\repository\com\aventstack\extentreports\4.0.9\extentreports-4.0.9.jar;C:\Users\sandeep\.m2\repository\org\mongodb\mongodb-driver\3.3.0\mongodb-driver-3.3.0.jar;C:\Users\sandeep\.m2\repository\org\mongodb\mongodb-driver-core\3.3.0\mongodb-driver-core-3.3.0.jar;C:\Users\sandeep\.m2\repository\org\mongodb\bson\3.3.0\bson-3.3.0.jar;C:\Users\sandeep\.m2\repository\org\apache\httpcomponents\httpmime\4.5.2\httpmime-4.5.2.jar;C:\Users\sandeep\.m2\repository\org\freemarker\freemarker\2.3.23\freemarker-2.3.23.jar;C:\Users\sandeep\.m2\repository\com\vimalselvam\cucumber-extentsreport\3.1.1\cucumber-extentsreport-3.1.1.jar;C:\Users\sandeep\.m2\repository\info\cukes\gherkin\2.12.2\gherkin-2.12.2.jar;C:\Users\sandeep\.m2\repository\commons-net\commons-net\3.0.1\commons-net-3.0.1.jar;C:\Users\sandeep\.m2\repository\org\mockito\mockito-all\1.10.19\mockito-all-1.10.19.jar;C:\Users\sandeep\.m2\repository\com\google\guava\guava\27.0.1-jre\guava-27.0.1-jre.jar;C:\Users\sandeep\.m2\repository\com\google\guava\failureaccess\1.0.1\failureaccess-1.0.1.jar;C:\Users\sandeep\.m2\repository\com\google\guava\listenablefuture\9999.0-empty-to-avoid-conflict-with-guava\listenablefuture-9999.0-empty-to-avoid-conflict-with-guava.jar;C:\Users\sandeep\.m2\repository\com\google\code\findbugs\jsr305\3.0.2\jsr305-3.0.2.jar;C:\Users\sandeep\.m2\repository\org\checkerframework\checker-qual\2.5.2\checker-qual-2.5.2.jar;C:\Users\sandeep\.m2\repository\com\google\errorprone\error_prone_annotations\2.2.0\error_prone_annotations-2.2.0.jar;C:\Users\sandeep\.m2\repository\com\google\j2objc\j2objc-annotations\1.1\j2objc-annotations-1.1.jar;C:\Users\sandeep\.m2\repository\org\codehaus\mojo\animal-sniffer-annotations\1.17\animal-sniffer-annotations-1.17.jar;C:\Users\sandeep\.m2\repository\info\cukes\cucumber-picocontainer\1.2.4\cucumber-picocontainer-1.2.4.jar;C:\Users\sandeep\.m2\repository\org\picocontainer\picocontainer\2.15\picocontainer-2.15.jar;C:\Users\sandeep\.m2\repository\com\google\api-client\google-api-client\1.22.0\google-api-client-1.22.0.jar;C:\Users\sandeep\.m2\repository\com\google\oauth-client\google-oauth-client\1.22.0\google-oauth-client-1.22.0.jar;C:\Users\sandeep\.m2\repository\com\google\http-client\google-http-client\1.22.0\google-http-client-1.22.0.jar;C:\Users\sandeep\.m2\repository\com\google\http-client\google-http-client-jackson2\1.22.0\google-http-client-jackson2-1.22.0.jar;C:\Users\sandeep\.m2\repository\com\google\guava\guava-jdk5\17.0\guava-jdk5-17.0.jar;C:\Users\sandeep\.m2\repository\org\apache\poi\poi\3.17\poi-3.17.jar;C:\Users\sandeep\.m2\repository\org\apache\commons\commons-collections4\4.1\commons-collections4-4.1.jar;C:\Users\sandeep\.m2\repository\org\apache\poi\poi-ooxml\3.17\poi-ooxml-3.17.jar;C:\Users\sandeep\.m2\repository\org\apache\poi\poi-ooxml-schemas\3.17\poi-ooxml-schemas-3.17.jar;C:\Users\sandeep\.m2\repository\com\github\virtuald\curvesapi\1.04\curvesapi-1.04.jar;C:\Users\sandeep\.m2\repository\org\apache\xmlbeans\xmlbeans\2.6.0\xmlbeans-2.6.0.jar;C:\Users\sandeep\.m2\repository\stax\stax-api\1.0.1\stax-api-1.0.1.jar;C:\Users\sandeep\.m2\repository\org\apache\poi\poi-scratchpad\3.17\poi-scratchpad-3.17.jar;C:\Users\sandeep\.m2\repository\log4j\log4j\1.2.17\log4j-1.2.17.jar;C:\Users\sandeep\.m2\repository\info\cukes\cucumber-core\1.2.5\cucumber-core-1.2.5.jar;C:\Users\sandeep\.m2\repository\info\cukes\cucumber-html\0.2.3\cucumber-html-0.2.3.jar;C:\Users\sandeep\.m2\repository\info\cukes\cucumber-java\1.2.5\cucumber-java-1.2.5.jar;C:\Users\sandeep\.m2\repository\org\testng\testng\6.14.3\testng-6.14.3.jar;C:\Users\sandeep\.m2\repository\com\beust\jcommander\1.72\jcommander-1.72.jar;C:\Users\sandeep\.m2\repository\org\apache-extras\beanshell\bsh\2.0b6\bsh-2.0b6.jar;C:\Users\sandeep\.m2\repository\info\cukes\cucumber-junit\1.2.5\cucumber-junit-1.2.5.jar;C:\Users\sandeep\.m2\repository\junit\junit\4.12\junit-4.12.jar;C:\Users\sandeep\.m2\repository\org\hamcrest\hamcrest-core\1.3\hamcrest-core-1.3.jar;"/>
    <property name="sun.cpu.endian" value="little"/>
    <property name="user.home" value="C:\Users\sandeep"/>
    <property name="user.language" value="en"/>
    <property name="java.specification.vendor" value="Oracle Corporation"/>
    <property name="java.version.date" value="2018-07-17"/>
    <property name="java.home" value="C:\Program Files\Java\jdk-10.0.2"/>
    <property name="file.separator" value="\"/>
    <property name="basedir" value="E:\LMP2"/>
    <property name="java.vm.compressedOopsMode" value="32-bit"/>
    <property name="line.separator" value="&#10;"/>
    <property name="java.specification.name" value="Java Platform API Specification"/>
    <property name="java.vm.specification.vendor" value="Oracle Corporation"/>
    <property name="java.awt.graphicsenv" value="sun.awt.Win32GraphicsEnvironment"/>
    <property name="surefire.real.class.path" value="C:\Users\sandeep\AppData\Local\Temp\surefire12618457080830306160\surefirebooter16439922935189666090.jar"/>
    <property name="user.script" value=""/>
    <property name="sun.management.compiler" value="HotSpot 64-Bit Tiered Compilers"/>
    <property name="java.runtime.version" value="10.0.2+13"/>
    <property name="user.name" value="sandeep"/>
    <property name="path.separator" value=";"/>
    <property name="os.version" value="10.0"/>
    <property name="java.runtime.name" value="Java(TM) SE Runtime Environment"/>
    <property name="file.encoding" value="Cp1252"/>
    <property name="java.vm.name" value="Java HotSpot(TM) 64-Bit Server VM"/>
    <property name="java.vendor.version" value="18.3"/>
    <property name="localRepository" value="C:\Users\sandeep\.m2\repository"/>
    <property name="java.vendor.url.bug" value="http://bugreport.java.com/bugreport/"/>
    <property name="java.io.tmpdir" value="C:\Users\sandeep\AppData\Local\Temp\"/>
    <property name="java.version" value="10.0.2"/>
    <property name="user.dir" value="E:\LMP2"/>
    <property name="os.arch" value="amd64"/>
    <property name="java.vm.specification.name" value="Java Virtual Machine Specification"/>
    <property name="java.awt.printerjob" value="sun.awt.windows.WPrinterJob"/>
    <property name="sun.os.patch.level" value=""/>
    <property name="java.library.path" value="C:\Program Files\Java\jdk-10.0.2\bin;C:\WINDOWS\Sun\Java\bin;C:\WINDOWS\system32;C:\WINDOWS;C:\Program Files (x86)\Common Files\Oracle\Java\javapath;C:\WINDOWS\system32;C:\WINDOWS;C:\WINDOWS\System32\Wbem;C:\WINDOWS\System32\WindowsPowerShell\v1.0\;C:\WINDOWS\System32\OpenSSH\;C:\apache-maven-3.6.2\bin\;C:\Program Files\Java\jdk-10.0.2\bin;C:\apache-maven-3.6.2\bin\\bin;C:\apache-maven-3.6.2\bin\;%jJAVA_HOME%\lib;C:\Users\sandeep\AppData\Local\Microsoft\WindowsApps;;."/>
    <property name="java.vendor" value="Oracle Corporation"/>
    <property name="java.vm.info" value="mixed mode"/>
    <property name="java.vm.version" value="10.0.2+13"/>
    <property name="sun.io.unicode.encoding" value="UnicodeLittle"/>
    <property name="java.class.version" value="54.0"/>
  </properties>
</testsuite>